# JRE version: Java(TM) SE Runtime Environment (7.0_80-b15) (build 1.7.0_80-b15)
# Java VM: Java HotSpot(TM) 64-Bit Server VM (24.80-b11 mixed mode windows-amd64 compressed oops)
Heap
 PSYoungGen      total 327680K, used 222500K [0x00000000eab00000, 0x0000000100000000, 0x0000000100000000)
  eden space 319488K, 69% used [0x00000000eab00000,0x00000000f84490e8,0x00000000fe300000)
  from space 8192K, 0% used [0x00000000ff800000,0x00000000ff800000,0x0000000100000000)
  to   space 14848K, 0% used [0x00000000fe300000,0x00000000fe300000,0x00000000ff180000)
 ParOldGen       total 76800K, used 40233K [0x00000000c0200000, 0x00000000c4d00000, 0x00000000eab00000)
  object space 76800K, 52% used [0x00000000c0200000,0x00000000c294a590,0x00000000c4d00000)
 PSPermGen       total 66048K, used 42577K [0x00000000bb000000, 0x00000000bf080000, 0x00000000c0200000)
  object space 66048K, 64% used [0x00000000bb000000,0x00000000bd994618,0x00000000bf080000)
GC Heap History (10 events):
Event: 4.640 GC heap before
{Heap before GC invocations=11 (full 0):
 PSYoungGen      total 218624K, used 213936K [0x00000000eab00000, 0x00000000f8900000, 0x0000000100000000)
  eden space 209920K, 100% used [0x00000000eab00000,0x00000000f7800000,0x00000000f7800000)
  from space 8704K, 46% used [0x00000000f8080000,0x00000000f846c0f8,0x00000000f8900000)
  to   space 8704K, 0% used [0x00000000f7800000,0x00000000f7800000,0x00000000f8080000)
 ParOldGen       total 43520K, used 14616K [0x00000000c0200000, 0x00000000c2c80000, 0x00000000eab00000)
  object space 43520K, 33% used [0x00000000c0200000,0x00000000c1046100,0x00000000c2c80000)
 PSPermGen       total 21504K, used 21442K [0x00000000bb000000, 0x00000000bc500000, 0x00000000c0200000)
  object space 21504K, 99% used [0x00000000bb000000,0x00000000bc4f0858,0x00000000bc500000)
Event: 4.645 GC heap after
Heap after GC invocations=11 (full 0):
 PSYoungGen      total 218624K, used 2400K [0x00000000eab00000, 0x0000000100000000, 0x0000000100000000)
  eden space 209920K, 0% used [0x00000000eab00000,0x00000000eab00000,0x00000000f7800000)
  from space 8704K, 27% used [0x00000000f7800000,0x00000000f7a58000,0x00000000f8080000)
  to   space 8704K, 0% used [0x00000000ff780000,0x00000000ff780000,0x0000000100000000)
 ParOldGen       total 43520K, used 18600K [0x00000000c0200000, 0x00000000c2c80000, 0x00000000eab00000)
  object space 43520K, 42% used [0x00000000c0200000,0x00000000c142a2f0,0x00000000c2c80000)
 PSPermGen       total 21504K, used 21442K [0x00000000bb000000, 0x00000000bc500000, 0x00000000c0200000)
  object space 21504K, 99% used [0x00000000bb000000,0x00000000bc4f0858,0x00000000bc500000)
}
Event: 4.814 GC heap before
{Heap before GC invocations=12 (full 0):
 PSYoungGen      total 218624K, used 212320K [0x00000000eab00000, 0x0000000100000000, 0x0000000100000000)
  eden space 209920K, 100% used [0x00000000eab00000,0x00000000f7800000,0x00000000f7800000)
  from space 8704K, 27% used [0x00000000f7800000,0x00000000f7a58000,0x00000000f8080000)
  to   space 8704K, 0% used [0x00000000ff780000,0x00000000ff780000,0x0000000100000000)
 ParOldGen       total 43520K, used 18600K [0x00000000c0200000, 0x00000000c2c80000, 0x00000000eab00000)
  object space 43520K, 42% used [0x00000000c0200000,0x00000000c142a2f0,0x00000000c2c80000)
 PSPermGen       total 21504K, used 21442K [0x00000000bb000000, 0x00000000bc500000, 0x00000000c0200000)
  object space 21504K, 99% used [0x00000000bb000000,0x00000000bc4f0858,0x00000000bc500000)
Event: 4.819 GC heap after
Heap after GC invocations=12 (full 0):
 PSYoungGen      total 339456K, used 4224K [0x00000000eab00000, 0x00000000fff00000, 0x0000000100000000)
  eden space 331776K, 0% used [0x00000000eab00000,0x00000000eab00000,0x00000000fef00000)
  from space 7680K, 55% used [0x00000000ff780000,0x00000000ffba0000,0x00000000fff00000)
  to   space 8192K, 0% used [0x00000000fef00000,0x00000000fef00000,0x00000000ff700000)
 ParOldGen       total 43520K, used 21016K [0x00000000c0200000, 0x00000000c2c80000, 0x00000000eab00000)
  object space 43520K, 48% used [0x00000000c0200000,0x00000000c16862f0,0x00000000c2c80000)
 PSPermGen       total 21504K, used 21442K [0x00000000bb000000, 0x00000000bc500000, 0x00000000c0200000)
  object space 21504K, 99% used [0x00000000bb000000,0x00000000bc4f0858,0x00000000bc500000)
}
Event: 5.121 GC heap before
{Heap before GC invocations=13 (full 0):
 PSYoungGen      total 339456K, used 336000K [0x00000000eab00000, 0x00000000fff00000, 0x0000000100000000)
  eden space 331776K, 100% used [0x00000000eab00000,0x00000000fef00000,0x00000000fef00000)
  from space 7680K, 55% used [0x00000000ff780000,0x00000000ffba0000,0x00000000fff00000)
  to   space 8192K, 0% used [0x00000000fef00000,0x00000000fef00000,0x00000000ff700000)
 ParOldGen       total 43520K, used 21016K [0x00000000c0200000, 0x00000000c2c80000, 0x00000000eab00000)
  object space 43520K, 48% used [0x00000000c0200000,0x00000000c16862f0,0x00000000c2c80000)
 PSPermGen       total 21504K, used 21442K [0x00000000bb000000, 0x00000000bc500000, 0x00000000c0200000)
  object space 21504K, 99% used [0x00000000bb000000,0x00000000bc4f0858,0x00000000bc500000)
Event: 5.128 GC heap after
Heap after GC invocations=13 (full 0):
 PSYoungGen      total 339968K, used 5504K [0x00000000eab00000, 0x0000000100000000, 0x0000000100000000)
  eden space 331776K, 0% used [0x00000000eab00000,0x00000000eab00000,0x00000000fef00000)
  from space 8192K, 67% used [0x00000000fef00000,0x00000000ff460000,0x00000000ff700000)
  to   space 8192K, 0% used [0x00000000ff800000,0x00000000ff800000,0x0000000100000000)
 ParOldGen       total 43520K, used 25176K [0x00000000c0200000, 0x00000000c2c80000, 0x00000000eab00000)
  object space 43520K, 57% used [0x00000000c0200000,0x00000000c1a962f0,0x00000000c2c80000)
 PSPermGen       total 21504K, used 21442K [0x00000000bb000000, 0x00000000bc500000, 0x00000000c0200000)
  object space 21504K, 99% used [0x00000000bb000000,0x00000000bc4f0858,0x00000000bc500000)
}
Event: 7.175 GC heap before
{Heap before GC invocations=14 (full 0):
 PSYoungGen      total 339968K, used 337280K [0x00000000eab00000, 0x0000000100000000, 0x0000000100000000)
  eden space 331776K, 100% used [0x00000000eab00000,0x00000000fef00000,0x00000000fef00000)
  from space 8192K, 67% used [0x00000000fef00000,0x00000000ff460000,0x00000000ff700000)
  to   space 8192K, 0% used [0x00000000ff800000,0x00000000ff800000,0x0000000100000000)
 ParOldGen       total 43520K, used 25176K [0x00000000c0200000, 0x00000000c2c80000, 0x00000000eab00000)
  object space 43520K, 57% used [0x00000000c0200000,0x00000000c1a962f0,0x00000000c2c80000)
 PSPermGen       total 33280K, used 32857K [0x00000000bb000000, 0x00000000bd080000, 0x00000000c0200000)
  object space 33280K, 98% used [0x00000000bb000000,0x00000000bd016600,0x00000000bd080000)
Event: 7.192 GC heap after
Heap after GC invocations=14 (full 0):
 PSYoungGen      total 327680K, used 8187K [0x00000000eab00000, 0x0000000100000000, 0x0000000100000000)
  eden space 319488K, 0% used [0x00000000eab00000,0x00000000eab00000,0x00000000fe300000)
  from space 8192K, 99% used [0x00000000ff800000,0x00000000ffffed00,0x0000000100000000)
  to   space 14848K, 0% used [0x00000000fe300000,0x00000000fe300000,0x00000000ff180000)
 ParOldGen       total 43520K, used 40371K [0x00000000c0200000, 0x00000000c2c80000, 0x00000000eab00000)
  object space 43520K, 92% used [0x00000000c0200000,0x00000000c296cd28,0x00000000c2c80000)
 PSPermGen       total 33280K, used 32857K [0x00000000bb000000, 0x00000000bd080000, 0x00000000c0200000)
  object space 33280K, 98% used [0x00000000bb000000,0x00000000bd016600,0x00000000bd080000)
}
Event: 7.193 GC heap before
{Heap before GC invocations=15 (full 1):
 PSYoungGen      total 327680K, used 8187K [0x00000000eab00000, 0x0000000100000000, 0x0000000100000000)
  eden space 319488K, 0% used [0x00000000eab00000,0x00000000eab00000,0x00000000fe300000)
  from space 8192K, 99% used [0x00000000ff800000,0x00000000ffffed00,0x0000000100000000)
  to   space 14848K, 0% used [0x00000000fe300000,0x00000000fe300000,0x00000000ff180000)
 ParOldGen       total 43520K, used 40371K [0x00000000c0200000, 0x00000000c2c80000, 0x00000000eab00000)
  object space 43520K, 92% used [0x00000000c0200000,0x00000000c296cd28,0x00000000c2c80000)
 PSPermGen       total 33280K, used 32857K [0x00000000bb000000, 0x00000000bd080000, 0x00000000c0200000)
  object space 33280K, 98% used [0x00000000bb000000,0x00000000bd016600,0x00000000bd080000)
Event: 7.389 GC heap after
Heap after GC invocations=15 (full 1):
 PSYoungGen      total 327680K, used 0K [0x00000000eab00000, 0x0000000100000000, 0x0000000100000000)
  eden space 319488K, 0% used [0x00000000eab00000,0x00000000eab00000,0x00000000fe300000)
  from space 8192K, 0% used [0x00000000ff800000,0x00000000ff800000,0x0000000100000000)
  to   space 14848K, 0% used [0x00000000fe300000,0x00000000fe300000,0x00000000ff180000)
 ParOldGen       total 76800K, used 40233K [0x00000000c0200000, 0x00000000c4d00000, 0x00000000eab00000)
  object space 76800K, 52% used [0x00000000c0200000,0x00000000c294a590,0x00000000c4d00000)
 PSPermGen       total 66048K, used 32843K [0x00000000bb000000, 0x00000000bf080000, 0x00000000c0200000)
  object space 66048K, 49% used [0x00000000bb000000,0x00000000bd012fd8,0x00000000bf080000)
}

